0 info it worked if it ends with ok
1 verbose cli [ '/usr/local/bin/node',
1 verbose cli   '/usr/local/bin/npm',
1 verbose cli   'run',
1 verbose cli   'travis-test' ]
2 info using npm@1.4.28
3 info using node@v0.10.39
4 verbose run-script [ 'pretravis-test', 'travis-test', 'posttravis-test' ]
5 info pretravis-test fantastiq@0.4.0
6 info travis-test fantastiq@0.4.0
7 verbose unsafe-perm in lifecycle true
8 info fantastiq@0.4.0 Failed to exec travis-test script
9 error fantastiq@0.4.0 travis-test: `npm run lint && npm run test-base`
9 error Exit status 1
10 error Failed at the fantastiq@0.4.0 travis-test script.
10 error This is most likely a problem with the fantastiq package,
10 error not with npm itself.
10 error Tell the author that this fails on your system:
10 error     npm run lint && npm run test-base
10 error You can get their info via:
10 error     npm owner ls fantastiq
10 error There is likely additional logging output above.
11 error System Darwin 14.3.0
12 error command "/usr/local/bin/node" "/usr/local/bin/npm" "run" "travis-test"
13 error cwd /Users/janpotoms/Personal/fantastiq
14 error node -v v0.10.39
15 error npm -v 1.4.28
16 error code ELIFECYCLE
17 verbose exit [ 1, true ]
